<?xml version="1.0" encoding="UTF-8"?>
<!-- Generated by org.testng.reporters.JUnitReportReporter -->
<testsuite hostname="CBT-077" name="com.test.scripts.WelcomeJoinTest" tests="2" failures="0" timestamp="12 Apr 2016 06:10:33 GMT" time="44.678" errors="0">
  <testcase name="testSkipLnk" time="23.146" classname="com.test.scripts.WelcomeJoinTest"/>
  <testcase name="testSkip" time="21.532" classname="com.test.scripts.WelcomeJoinTest"/>
</testsuite> <!-- com.test.scripts.WelcomeJoinTest -->
