<?xml version="1.0" encoding="UTF-8"?>
<!-- Generated by org.testng.reporters.JUnitReportReporter -->
<testsuite hostname="Prasannas-MacBook-Pro.local" name="com.test.scripts.JoinSulekha" tests="15" failures="0" timestamp="21 Jun 2016 08:23:24 GMT" time="1986.167" errors="0">
  <testcase name="testTermsCondition" time="92.731" classname="com.test.scripts.JoinSulekha"/>
  <testcase name="testReceivedOTP" time="111.771" classname="com.test.scripts.JoinSulekha"/>
  <testcase name="testInvalidOtp" time="114.191" classname="com.test.scripts.JoinSulekha"/>
  <testcase name="testLoginLnk" time="92.373" classname="com.test.scripts.JoinSulekha"/>
  <testcase name="testOtpReceivedSms" time="238.465" classname="com.test.scripts.JoinSulekha"/>
  <testcase name="testEditIcon" time="114.103" classname="com.test.scripts.JoinSulekha"/>
  <testcase name="testWOVerificationCode" time="115.658" classname="com.test.scripts.JoinSulekha"/>
  <testcase name="testResendCode" time="228.661" classname="com.test.scripts.JoinSulekha"/>
  <testcase name="test6DigitVerificationCode" time="129.421" classname="com.test.scripts.JoinSulekha"/>
  <testcase name="testOTPTimeLimit" time="221.256" classname="com.test.scripts.JoinSulekha"/>
  <testcase name="testValidMobileNum" time="113.746" classname="com.test.scripts.JoinSulekha"/>
  <testcase name="testTnCBackIcn" time="106.952" classname="com.test.scripts.JoinSulekha"/>
  <testcase name="testInvalidMobileNum" time="102.034" classname="com.test.scripts.JoinSulekha"/>
  <testcase name="testSkipLnk" time="96.860" classname="com.test.scripts.JoinSulekha"/>
  <testcase name="testWithoutMobileNum" time="107.945" classname="com.test.scripts.JoinSulekha"/>
</testsuite> <!-- com.test.scripts.JoinSulekha -->
