<?xml version="1.0" encoding="UTF-8"?>
<!-- Generated by org.testng.reporters.JUnitReportReporter -->
<testsuite hostname="Prasannas-MacBook-Pro.local" name="com.test.scripts.WelcomePage" tests="7" failures="0" timestamp="21 Jun 2016 08:23:24 GMT" time="1163.611" errors="0">
  <testcase name="testNotificationPermissionAlert" time="185.680" classname="com.test.scripts.WelcomePage"/>
  <testcase name="testSkip" time="93.855" classname="com.test.scripts.WelcomePage"/>
  <testcase name="testLocationPermissionAlert" time="143.208" classname="com.test.scripts.WelcomePage"/>
  <testcase name="testNotificationOKBtn" time="243.638" classname="com.test.scripts.WelcomePage"/>
  <testcase name="testDontAllowNotification" time="287.323" classname="com.test.scripts.WelcomePage"/>
  <testcase name="testDontAllowBtn" time="89.847" classname="com.test.scripts.WelcomePage"/>
  <testcase name="testAllowBtn" time="120.060" classname="com.test.scripts.WelcomePage"/>
</testsuite> <!-- com.test.scripts.WelcomePage -->
