<?xml version="1.0" encoding="UTF-8"?>
<!-- Generated by org.testng.reporters.JUnitReportReporter -->
<testsuite hostname="Prasannas-MacBook-Pro.local" name="com.test.scripts.HomeTest" tests="3" failures="0" timestamp="16 Jun 2016 10:40:38 GMT" time="358.368" errors="0">
  <testcase name="testLocationEnabled" time="120.905" classname="com.test.scripts.HomeTest"/>
  <testcase name="testSearchResult" time="145.361" classname="com.test.scripts.HomeTest"/>
  <testcase name="testPopularCtgrs" time="92.102" classname="com.test.scripts.HomeTest"/>
</testsuite> <!-- com.test.scripts.HomeTest -->
