<?xml version="1.0" encoding="UTF-8"?>
<!-- Generated by org.testng.reporters.JUnitReportReporter -->
<testsuite hostname="RaghuKirans-MacBook-Pro.local" name="com.test.scripts.MoreTest$UpdateAccountTest" tests="6" failures="0" timestamp="2 Jun 2016 05:16:18 GMT" time="933.750" errors="0">
  <testcase name="testShortListPage" time="149.365" classname="com.test.scripts.MoreTest$UpdateAccountTest"/>
  <testcase name="testNotiResponsePage" time="136.887" classname="com.test.scripts.MoreTest$UpdateAccountTest"/>
  <testcase name="testNotificationPage" time="147.059" classname="com.test.scripts.MoreTest$UpdateAccountTest"/>
  <testcase name="testMoreScreen" time="144.832" classname="com.test.scripts.MoreTest$UpdateAccountTest"/>
  <testcase name="testlistmybusiPage" time="150.805" classname="com.test.scripts.MoreTest$UpdateAccountTest"/>
  <testcase name="testRemoveMyShortlist" time="204.802" classname="com.test.scripts.MoreTest$UpdateAccountTest"/>
</testsuite> <!-- com.test.scripts.MoreTest$UpdateAccountTest -->
