<?xml version="1.0" encoding="UTF-8"?>
<!-- Generated by org.testng.reporters.JUnitReportReporter -->
<testsuite hostname="Prasannas-MacBook-Pro.local" name="com.test.scripts.Home" tests="3" failures="0" timestamp="17 Jun 2016 12:30:19 GMT" time="309.637" errors="0">
  <testcase name="testLocationEnabled" time="90.290" classname="com.test.scripts.Home"/>
  <testcase name="testPopularCtgrs" time="82.465" classname="com.test.scripts.Home"/>
  <testcase name="testSearchResult" time="136.882" classname="com.test.scripts.Home"/>
</testsuite> <!-- com.test.scripts.Home -->
