<?xml version="1.0" encoding="UTF-8"?>
<!-- Generated by org.testng.reporters.JUnitReportReporter -->
<testsuite hostname="Prasannas-MacBook-Pro.local" name="com.test.scripts.UpdateAccount" tests="6" failures="0" timestamp="21 Jun 2016 08:23:24 GMT" time="1120.840" errors="0">
  <testcase name="testChangingPwd" time="223.021" classname="com.test.scripts.UpdateAccount"/>
  <testcase name="testLogout" time="153.360" classname="com.test.scripts.UpdateAccount"/>
  <testcase name="testUpdateMyAccountPage" time="170.487" classname="com.test.scripts.UpdateAccount"/>
  <testcase name="testChangeMobNum" time="199.752" classname="com.test.scripts.UpdateAccount"/>
  <testcase name="testChangePwdScreen" time="178.680" classname="com.test.scripts.UpdateAccount"/>
  <testcase name="testChangeUsername" time="195.540" classname="com.test.scripts.UpdateAccount"/>
</testsuite> <!-- com.test.scripts.UpdateAccount -->
